[ 2018-03-13T00:19:30+08:00 ][ info ] [ BEHAVIOR ] Run Closure @app_init [ RunTime:0.000000s ]
[ info ] [ LOG ] INIT File
[ 2018-03-13T00:19:30+08:00 ][ info ] [ CACHE ] INIT File
[ 2018-03-13T00:19:30+08:00 ][ info ] [ BEHAVIOR ] Run Closure @app_init [ RunTime:0.004000s ]
[ 2018-03-13T00:19:33+08:00 ][ info ] [ BEHAVIOR ] Run Closure @app_init [ RunTime:0.000000s ]
[ info ] [ LOG ] INIT File
[ 2018-03-13T00:19:33+08:00 ][ info ] [ CACHE ] INIT File
[ 2018-03-13T00:19:33+08:00 ][ info ] [ BEHAVIOR ] Run Closure @app_init [ RunTime:0.003001s ]
[ 2018-03-13T00:19:42+08:00 ][ info ] [ BEHAVIOR ] Run Closure @app_init [ RunTime:0.000000s ]
[ info ] [ LOG ] INIT File
[ 2018-03-13T00:19:42+08:00 ][ info ] [ CACHE ] INIT File
[ 2018-03-13T00:19:42+08:00 ][ info ] [ BEHAVIOR ] Run Closure @app_init [ RunTime:0.004000s ]
[ 2018-03-13T00:20:55+08:00 ][ info ] [ BEHAVIOR ] Run Closure @app_init [ RunTime:0.000000s ]
[ info ] [ LOG ] INIT File
[ 2018-03-13T00:20:55+08:00 ][ info ] [ CACHE ] INIT File
[ 2018-03-13T00:20:55+08:00 ][ info ] [ BEHAVIOR ] Run Closure @app_init [ RunTime:0.004000s ]
[ 2018-03-13T00:21:24+08:00 ][ info ] [ BEHAVIOR ] Run Closure @app_init [ RunTime:0.000000s ]
[ info ] [ LOG ] INIT File
[ 2018-03-13T00:21:24+08:00 ][ info ] [ CACHE ] INIT File
[ 2018-03-13T00:21:24+08:00 ][ info ] [ BEHAVIOR ] Run Closure @app_init [ RunTime:0.004000s ]
[ 2018-03-13T00:21:24+08:00 ][ info ] [ DB ] INIT mysql
[ 2018-03-13T00:21:24+08:00 ][ sql ] [ DB ] CONNECT:[ UseTime:0.001001s ] mysql:host=127.0.0.1;dbname=test;charset=utf8
[ 2018-03-13T00:21:24+08:00 ][ sql ] [ SQL ] SELECT 1 [ RunTime:0.000000s ]
