[ 2018-03-26T10:04:41+08:00 ][ info ] [ BEHAVIOR ] Run Closure @app_init [ RunTime:0.000124s ]
[ info ] [ LOG ] INIT File
[ 2018-03-26T10:04:41+08:00 ][ info ] [ CACHE ] INIT File
[ 2018-03-26T10:04:41+08:00 ][ info ] [ BEHAVIOR ] Run Closure @app_init [ RunTime:0.004201s ]
[ 2018-03-26T10:04:41+08:00 ][ info ] [ DB ] INIT mysql
[ 2018-03-26T10:04:48+08:00 ][ info ] [ BEHAVIOR ] Run Closure @app_init [ RunTime:0.000125s ]
[ info ] [ LOG ] INIT File
[ 2018-03-26T10:04:48+08:00 ][ info ] [ CACHE ] INIT File
[ 2018-03-26T10:04:48+08:00 ][ info ] [ BEHAVIOR ] Run Closure @app_init [ RunTime:0.003562s ]
[ 2018-03-26T10:05:22+08:00 ][ info ] [ BEHAVIOR ] Run Closure @app_init [ RunTime:0.000125s ]
[ info ] [ LOG ] INIT File
[ 2018-03-26T10:05:22+08:00 ][ info ] [ CACHE ] INIT File
[ 2018-03-26T10:05:22+08:00 ][ info ] [ BEHAVIOR ] Run Closure @app_init [ RunTime:0.003755s ]
[ 2018-03-26T10:05:22+08:00 ][ info ] [ DB ] INIT mysql
[ 2018-03-26T10:05:22+08:00 ][ info ] [ LANG ] E:\app_mt\application\admin\lang/zh-cn.php
[ 2018-03-26T10:05:22+08:00 ][ sql ] [ DB ] CONNECT:[ UseTime:0.001583s ] mysql:host=127.0.0.1;dbname=test;charset=utf8
[ 2018-03-26T10:05:22+08:00 ][ sql ] [ SQL ] SHOW COLUMNS FROM `fa_auth_rule` [ RunTime:0.015026s ]
[ 2018-03-26T10:05:22+08:00 ][ sql ] [ SQL ] SELECT * FROM `fa_auth_rule` WHERE  `name` = 'shares' LIMIT 1 [ RunTime:0.000501s ]
[ 2018-03-26T10:05:22+08:00 ][ sql ] [ SQL ] SELECT `id` FROM `fa_auth_rule` WHERE  `name` = 'shares/index' LIMIT 1 [ RunTime:0.000358s ]
[ 2018-03-26T10:05:22+08:00 ][ sql ] [ SQL ] SELECT `id` FROM `fa_auth_rule` WHERE  `name` = 'shares/mk' LIMIT 1 [ RunTime:0.000254s ]
[ 2018-03-26T10:05:22+08:00 ][ sql ] [ SQL ] SELECT `id` FROM `fa_auth_rule` WHERE  `name` = 'shares/add' LIMIT 1 [ RunTime:0.000358s ]
[ 2018-03-26T10:05:22+08:00 ][ sql ] [ SQL ] SELECT `id` FROM `fa_auth_rule` WHERE  `name` = 'shares/edit' LIMIT 1 [ RunTime:0.000298s ]
[ 2018-03-26T10:05:22+08:00 ][ sql ] [ SQL ] SELECT `id` FROM `fa_auth_rule` WHERE  `name` = 'shares/del' LIMIT 1 [ RunTime:0.000326s ]
[ 2018-03-26T10:05:22+08:00 ][ sql ] [ SQL ] SELECT `id` FROM `fa_auth_rule` WHERE  `name` = 'shares/multi' LIMIT 1 [ RunTime:0.000275s ]
[ 2018-03-26T10:05:22+08:00 ][ sql ] [ SQL ] UPDATE `fa_auth_rule`  SET `pid`=103,`name`='shares/index',`icon`='fa fa-circle-o',`title`='默认生成的控制器所继承的父类中有index/add/edit/del/multi五个基础方法、destroy/restore/recyclebin三个回收站方法因此在当前控制器中可不用编写增删改查的代码,除非需要自己控制这部分逻辑需要将application/admin/library/traits/Backend.php中对应的方法复制到当前控制器,然后进行修改',`ismenu`=0,`status`='normal',`updatetime`=1522029922  WHERE  `id` = 104 [ RunTime:0.000533s ]
[ 2018-03-26T10:05:22+08:00 ][ sql ] [ SQL ] INSERT INTO `fa_auth_rule` (`id` , `pid` , `name` , `icon` , `title` , `ismenu` , `status` , `createtime` , `updatetime`) VALUES (NULL , 103 , 'shares/mk' , 'fa fa-circle-o' , 'Mk' , 0 , 'normal' , 1522029922 , 1522029922) [ RunTime:0.041388s ]
[ 2018-03-26T10:05:22+08:00 ][ sql ] [ SQL ] UPDATE `fa_auth_rule`  SET `pid`=103,`name`='shares/add',`icon`='fa fa-circle-o',`title`='添加',`ismenu`=0,`status`='normal',`updatetime`=1522029922  WHERE  `id` = 105 [ RunTime:0.000678s ]
[ 2018-03-26T10:05:22+08:00 ][ sql ] [ SQL ] UPDATE `fa_auth_rule`  SET `pid`=103,`name`='shares/edit',`icon`='fa fa-circle-o',`title`='编辑',`ismenu`=0,`status`='normal',`updatetime`=1522029922  WHERE  `id` = 106 [ RunTime:0.000384s ]
[ 2018-03-26T10:05:22+08:00 ][ sql ] [ SQL ] UPDATE `fa_auth_rule`  SET `pid`=103,`name`='shares/del',`icon`='fa fa-circle-o',`title`='删除',`ismenu`=0,`status`='normal',`updatetime`=1522029922  WHERE  `id` = 107 [ RunTime:0.000352s ]
[ 2018-03-26T10:05:22+08:00 ][ sql ] [ SQL ] UPDATE `fa_auth_rule`  SET `pid`=103,`name`='shares/multi',`icon`='fa fa-circle-o',`title`='批量更新',`ismenu`=0,`status`='normal',`updatetime`=1522029922  WHERE  `id` = 108 [ RunTime:0.000385s ]
